0 info it worked if it ends with ok
1 verbose cli [ 'C:\\Program Files\\nodejs\\node.exe',
1 verbose cli   'C:\\Program Files\\nodejs\\node_modules\\npm\\bin\\npm-cli.js',
1 verbose cli   'run',
1 verbose cli   'dev' ]
2 info using npm@3.10.8
3 info using node@v6.9.1
4 verbose run-script [ 'predev', 'dev', 'postdev' ]
5 info lifecycle reduxboilergen@1.0.0~predev: reduxboilergen@1.0.0
6 silly lifecycle reduxboilergen@1.0.0~predev: no script for predev, continuing
7 info lifecycle reduxboilergen@1.0.0~dev: reduxboilergen@1.0.0
8 verbose lifecycle reduxboilergen@1.0.0~dev: unsafe-perm in lifecycle true
9 verbose lifecycle reduxboilergen@1.0.0~dev: PATH: C:\Program Files\nodejs\node_modules\npm\bin\node-gyp-bin;C:\Sourav Data\Stuff\SPROJ\ReduxBoilerGenerator\node_modules\.bin;C:\ProgramData\Oracle\Java\javapath;C:\WINDOWS\system32;C:\WINDOWS;C:\WINDOWS\System32\Wbem;C:\WINDOWS\System32\WindowsPowerShell\v1.0\;C:\Program Files\nodejs\;c:\Python27;C:\Users\I055463\Downloads\exe files\geckodriver-v0.13.0-win64\;C:\Python27\Scripts\;C:\Users\I055463\Downloads\phantomjs-2.1.1-windows\phantomjs-2.1.1-windows\bin\phantomjs.exe;C:\Program Files (x86)\PuTTY\;C:\php-7.1.2-nts-Win32-VC14-x86;C:\Program Files\MongoDB\Server\3.4\bin\;C:\ProgramData\ComposerSetup\bin;C:\ProgramData\chocolatey\bin;C:\Users\I055463\AppData\Local\Android\sdk;C:\Program Files\Java\jdk1.8.0_121\;C:\Program Files (x86)\vim\vim80;C:\Users\I055463\AppData\Local\Android\sdk\platform-tools;C:\Users\I055463\AppData\Local\Android\sdk\tools;C:\Program Files (x86)\Skype\Phone\;C:\ProgramData\chocolatey\lib\Elixir/bin;C:\WINDOWS\system32;C:\WINDOWS;C:\WINDOWS\System32\Wbem;C:\WINDOWS\System32\WindowsPowerShell\v1.0\;C:\Program Files\Git\cmd;C:\Program Files (x86)\Windows Kits\8.1\Windows Performance Toolkit\;C:\Users\I055463\AppData\Local\atom\bin;C:\Users\I055463\Downloads\exe files\cmder_mini;C:\ProgramData\chocolatey\lib\Elixir/bin;C:\Users\I055463\AppData\Roaming\npm;C:\Program Files (x86)\Microsoft VS Code\bin;C:\Users\I055463\Downloads\phantomjs-2.1.1-windows\phantomjs-2.1.1-windows\bin;C:\Users\I055463\AppData\Roaming\Composer\vendor\bin;C:\Users\I055463\AppData\Local\Microsoft\WindowsApps
10 verbose lifecycle reduxboilergen@1.0.0~dev: CWD: C:\Sourav Data\Stuff\SPROJ\ReduxBoilerGenerator
11 silly lifecycle reduxboilergen@1.0.0~dev: Args: [ '/d /s /c', 'watch "npm run build" src' ]
12 verbose stack Error: kill ENOSYS
12 verbose stack     at exports._errnoException (util.js:1026:11)
12 verbose stack     at process.kill (internal/process.js:172:13)
12 verbose stack     at process.listener (C:\Program Files\nodejs\node_modules\npm\node_modules\npmlog\node_modules\gauge\node_modules\signal-exit\index.js:86:15)
12 verbose stack     at emitNone (events.js:91:20)
12 verbose stack     at process.emit (events.js:185:7)
12 verbose stack     at processEmit (C:\Program Files\nodejs\node_modules\npm\node_modules\npmlog\node_modules\gauge\node_modules\signal-exit\index.js:146:32)
12 verbose stack     at processEmit (C:\Program Files\nodejs\node_modules\npm\node_modules\npm-registry-client\node_modules\npmlog\node_modules\gauge\node_modules\signal-exit\index.js:146:32)
12 verbose stack     at Signal.wrap.onsignal (internal/process.js:199:44)
13 verbose cwd C:\Sourav Data\Stuff\SPROJ\ReduxBoilerGenerator
14 error Windows_NT 10.0.14393
15 error argv "C:\\Program Files\\nodejs\\node.exe" "C:\\Program Files\\nodejs\\node_modules\\npm\\bin\\npm-cli.js" "run" "dev"
16 error node v6.9.1
17 error npm  v3.10.8
18 error code ENOSYS
19 error errno ENOSYS
20 error syscall kill
21 error kill ENOSYS
22 error If you need help, you may report this error at:
22 error     <https://github.com/npm/npm/issues>
23 verbose exit [ 1, true ]
